Using pre-set license
Built from '2020.3/release' branch; Version is '2020.3.2f1 (8fd9074bf66c) revision 9427207'; Using compiler version '192528614'; Build Type 'Release'
OS: 'Windows 10 Home Single Language; OS build 19042.985; Version 2009; 64bit' Language: 'es' Physical Memory: 12193 MB
BatchMode: 1, IsHumanControllingUs: 0, StartBugReporterOnCrash: 0, Is64bit: 1, IsPro: 0

 COMMAND LINE ARGUMENTS:
C:\Program Files\Unity\Hub\Editor\2020.3.2f1\Editor\Unity.exe
-adb2
-batchMode
-noUpm
-name
AssetImportWorker0
-projectPath
C:/Users/Lenovo/OneDrive/Docs/Unity/GoglyMain
-logFile
Logs/AssetImportWorker0.log
-srvPort
60027
Successfully changed project path to: C:/Users/Lenovo/OneDrive/Docs/Unity/GoglyMain
C:/Users/Lenovo/OneDrive/Docs/Unity/GoglyMain
Using Asset Import Pipeline V2.
Refreshing native plugins compatible for Editor in 80.62 ms, found 1 plugins.
Preloading 0 native plugins for Editor in 0.00 ms.
Initialize engine version: 2020.3.2f1 (8fd9074bf66c)
[Subsystems] Discovering subsystems at path C:/Program Files/Unity/Hub/Editor/2020.3.2f1/Editor/Data/Resources/UnitySubsystems
[Subsystems] Discovering subsystems at path C:/Users/Lenovo/OneDrive/Docs/Unity/GoglyMain/Assets
GfxDevice: creating device client; threaded=0
Direct3D:
    Version:  Direct3D 11.0 [level 11.1]
    Renderer: NVIDIA GeForce GTX 1050 (ID=0x1c8d)
    Vendor:   
    VRAM:     4019 MB
    Driver:   27.21.14.6611
Initialize mono
Mono path[0] = 'C:/Program Files/Unity/Hub/Editor/2020.3.2f1/Editor/Data/Managed'
Mono path[1] = 'C:/Program Files/Unity/Hub/Editor/2020.3.2f1/Editor/Data/MonoBleedingEdge/lib/mono/unityjit'
Mono config path = 'C:/Program Files/Unity/Hub/Editor/2020.3.2f1/Editor/Data/MonoBleedingEdge/etc'
Using monoOptions --debugger-agent=transport=dt_socket,embedding=1,server=y,suspend=n,address=127.0.0.1:56768
Begin MonoManager ReloadAssembly
Registering precompiled unity dll's ...
Register platform support module: C:/Program Files/Unity/Hub/Editor/2020.3.2f1/Editor/Data/PlaybackEngines/WebGLSupport/UnityEditor.WebGL.Extensions.dll
Register platform support module: C:/Program Files/Unity/Hub/Editor/2020.3.2f1/Editor/Data/PlaybackEngines/WindowsStandaloneSupport/UnityEditor.WindowsStandalone.Extensions.dll
Register platform support module: C:/Program Files/Unity/Hub/Editor/2020.3.2f1/Editor/Data/PlaybackEngines/LinuxStandaloneSupport/UnityEditor.LinuxStandalone.Extensions.dll
Registered in 0.012092 seconds.
Native extension for LinuxStandalone target not found
Native extension for WindowsStandalone target not found
Native extension for WebGL target not found
Refreshing native plugins compatible for Editor in 40.32 ms, found 1 plugins.
Preloading 0 native plugins for Editor in 0.00 ms.
Invoked RoslynAnalysisRunner static constructor.
RoslynAnalysisRunner will not be running.
RoslynAnalysisRunner has terminated.
Mono: successfully reloaded assembly
- Completed reload, in 18.703 seconds
Platform modules already initialized, skipping
Registering precompiled user dll's ...
Registered in 0.004086 seconds.
Begin MonoManager ReloadAssembly
Native extension for LinuxStandalone target not found
Native extension for WindowsStandalone target not found
Native extension for WebGL target not found
Refreshing native plugins compatible for Editor in 0.39 ms, found 1 plugins.
Preloading 0 native plugins for Editor in 0.00 ms.
Invoked RoslynAnalysisRunner static constructor.
RoslynAnalysisRunner will not be running.
RoslynAnalysisRunner has terminated.
Mono: successfully reloaded assembly
- Completed reload, in  1.511 seconds
Platform modules already initialized, skipping
========================================================================
Worker process is ready to serve import requests
Launched and connected shader compiler UnityShaderCompiler.exe after 0.14 seconds
Refreshing native plugins compatible for Editor in 0.36 ms, found 1 plugins.
Preloading 0 native plugins for Editor in 0.00 ms.
Unloading 1278 Unused Serialized files (Serialized files now loaded: 0)
System memory in use before: 80.7 MB.
System memory in use after: 80.7 MB.

Unloading 12 unused Assets to reduce memory usage. Loaded Objects now: 1739.
Total: 3.181400 ms (FindLiveObjects: 0.335800 ms CreateObjectMapping: 0.104400 ms MarkObjects: 2.642700 ms  DeleteObjects: 0.095800 ms)

========================================================================
Received Import Request.
  path: Assets/395487__frankum__tecno-pop-base-and-guitar-2.mp3
  artifactKey: Guid(989f11eb8d4b8d94c92760f4614a26f4) Importer(815301076,1909f56bfc062723c751e8b465ee728b)
Start importing Assets/395487__frankum__tecno-pop-base-and-guitar-2.mp3 using Guid(989f11eb8d4b8d94c92760f4614a26f4) Importer(815301076,1909f56bfc062723c751e8b465ee728b)  -> (artifact id: '62e195834be82d93bbf941b88054e310') in 0.250662 seconds
  Import took 0.257028 seconds .

========================================================================
Received Import Request.
  Time since last request: 0.000842 seconds.
  path: Assets/324880__frankum__electronic-pop-synth-pop.mp3
  artifactKey: Guid(8134505eb1eb75846859bc9be4b208c9) Importer(815301076,1909f56bfc062723c751e8b465ee728b)
Start importing Assets/324880__frankum__electronic-pop-synth-pop.mp3 using Guid(8134505eb1eb75846859bc9be4b208c9) Importer(815301076,1909f56bfc062723c751e8b465ee728b)  -> (artifact id: 'f6fad1583c8cda3c9a987cd6eeeb347d') in 0.015625 seconds
  Import took 0.020076 seconds .

========================================================================
Received Import Request.
  Time since last request: 16.035101 seconds.
  path: Assets/tecno_franknum.mp3
  artifactKey: Guid(989f11eb8d4b8d94c92760f4614a26f4) Importer(815301076,1909f56bfc062723c751e8b465ee728b)
Start importing Assets/tecno_franknum.mp3 using Guid(989f11eb8d4b8d94c92760f4614a26f4) Importer(815301076,1909f56bfc062723c751e8b465ee728b)  -> (artifact id: '238c21e8b11132c08573ec62b15cfb21') in 0.014155 seconds
  Import took 0.018651 seconds .

========================================================================
Received Import Request.
  Time since last request: 0.035177 seconds.
  path: Assets/tecno_franknum.mp3
  artifactKey: Guid(989f11eb8d4b8d94c92760f4614a26f4) Importer(815301076,1909f56bfc062723c751e8b465ee728b)
Start importing Assets/tecno_franknum.mp3 using Guid(989f11eb8d4b8d94c92760f4614a26f4) Importer(815301076,1909f56bfc062723c751e8b465ee728b)  -> (artifact id: '238c21e8b11132c08573ec62b15cfb21') in 0.014941 seconds
  Import took 0.019384 seconds .

========================================================================
Received Import Request.
  Time since last request: 17.298524 seconds.
  path: Assets/electronic_franknum.mp3
  artifactKey: Guid(8134505eb1eb75846859bc9be4b208c9) Importer(815301076,1909f56bfc062723c751e8b465ee728b)
Start importing Assets/electronic_franknum.mp3 using Guid(8134505eb1eb75846859bc9be4b208c9) Importer(815301076,1909f56bfc062723c751e8b465ee728b)  -> (artifact id: '9afec929ec1f6f2d65edcff0431aeb33') in 0.013758 seconds
  Import took 0.023109 seconds .

========================================================================
Received Import Request.
  Time since last request: 0.026200 seconds.
  path: Assets/electronic_franknum.mp3
  artifactKey: Guid(8134505eb1eb75846859bc9be4b208c9) Importer(815301076,1909f56bfc062723c751e8b465ee728b)
Start importing Assets/electronic_franknum.mp3 using Guid(8134505eb1eb75846859bc9be4b208c9) Importer(815301076,1909f56bfc062723c751e8b465ee728b)  -> (artifact id: '9afec929ec1f6f2d65edcff0431aeb33') in 0.013062 seconds
  Import took 0.016769 seconds .

========================================================================
Received Prepare
Registering precompiled user dll's ...
Registered in 0.017997 seconds.
Begin MonoManager ReloadAssembly
Native extension for LinuxStandalone target not found
Native extension for WindowsStandalone target not found
Native extension for WebGL target not found
Refreshing native plugins compatible for Editor in 0.46 ms, found 1 plugins.
Preloading 0 native plugins for Editor in 0.00 ms.
Invoked RoslynAnalysisRunner static constructor.
RoslynAnalysisRunner will not be running.
RoslynAnalysisRunner has terminated.
Mono: successfully reloaded assembly
- Completed reload, in  2.818 seconds
Platform modules already initialized, skipping
Switching build target platform(5) subTarget(0) extendedPlatform(0) -> platform(13) subTarget(537395200) extendedPlatform(0)
Refreshing native plugins compatible for Editor in 0.40 ms, found 1 plugins.
Preloading 0 native plugins for Editor in 0.00 ms.
Unloading 1263 Unused Serialized files (Serialized files now loaded: 0)
System memory in use before: 82.5 MB.
System memory in use after: 82.6 MB.

Unloading 8 unused Assets to reduce memory usage. Loaded Objects now: 1751.
Total: 2.873600 ms (FindLiveObjects: 0.321200 ms CreateObjectMapping: 0.115400 ms MarkObjects: 2.364500 ms  DeleteObjects: 0.069400 ms)

AssetImportParameters requested are different than current active one (requested -> active):
  custom:graphics/normal-map-encoding: 01000000000000000000000000000000 -> 02000000000000000000000000000000
