Using pre-set license
Built from '2020.3/release' branch; Version is '2020.3.2f1 (8fd9074bf66c) revision 9427207'; Using compiler version '192528614'; Build Type 'Release'
OS: 'Windows 10 Home Single Language; OS build 19042.928; Version 2009; 64bit' Language: 'es' Physical Memory: 12193 MB
BatchMode: 1, IsHumanControllingUs: 0, StartBugReporterOnCrash: 0, Is64bit: 1, IsPro: 0

 COMMAND LINE ARGUMENTS:
C:\Program Files\Unity\Hub\Editor\2020.3.2f1\Editor\Unity.exe
-adb2
-batchMode
-noUpm
-name
AssetImportWorker0
-projectPath
C:/Users/Lenovo/OneDrive/Docs/Unity/FirstTestGogly
-logFile
Logs/AssetImportWorker0.log
-srvPort
60780
Successfully changed project path to: C:/Users/Lenovo/OneDrive/Docs/Unity/FirstTestGogly
C:/Users/Lenovo/OneDrive/Docs/Unity/FirstTestGogly
Using Asset Import Pipeline V2.
Refreshing native plugins compatible for Editor in 30.89 ms, found 1 plugins.
Preloading 0 native plugins for Editor in 0.00 ms.
Initialize engine version: 2020.3.2f1 (8fd9074bf66c)
[Subsystems] Discovering subsystems at path C:/Program Files/Unity/Hub/Editor/2020.3.2f1/Editor/Data/Resources/UnitySubsystems
[Subsystems] Discovering subsystems at path C:/Users/Lenovo/OneDrive/Docs/Unity/FirstTestGogly/Assets
GfxDevice: creating device client; threaded=0
Direct3D:
    Version:  Direct3D 11.0 [level 11.1]
    Renderer: NVIDIA GeForce GTX 1050 (ID=0x1c8d)
    Vendor:   
    VRAM:     4019 MB
    Driver:   27.21.14.6611
Initialize mono
Mono path[0] = 'C:/Program Files/Unity/Hub/Editor/2020.3.2f1/Editor/Data/Managed'
Mono path[1] = 'C:/Program Files/Unity/Hub/Editor/2020.3.2f1/Editor/Data/MonoBleedingEdge/lib/mono/unityjit'
Mono config path = 'C:/Program Files/Unity/Hub/Editor/2020.3.2f1/Editor/Data/MonoBleedingEdge/etc'
Using monoOptions --debugger-agent=transport=dt_socket,embedding=1,server=y,suspend=n,address=127.0.0.1:56352
Begin MonoManager ReloadAssembly
Registering precompiled unity dll's ...
Register platform support module: C:/Program Files/Unity/Hub/Editor/2020.3.2f1/Editor/Data/PlaybackEngines/WebGLSupport/UnityEditor.WebGL.Extensions.dll
Register platform support module: C:/Program Files/Unity/Hub/Editor/2020.3.2f1/Editor/Data/PlaybackEngines/WindowsStandaloneSupport/UnityEditor.WindowsStandalone.Extensions.dll
Register platform support module: C:/Program Files/Unity/Hub/Editor/2020.3.2f1/Editor/Data/PlaybackEngines/LinuxStandaloneSupport/UnityEditor.LinuxStandalone.Extensions.dll
Registered in 0.005330 seconds.
Native extension for LinuxStandalone target not found
Native extension for WindowsStandalone target not found
Native extension for WebGL target not found
Refreshing native plugins compatible for Editor in 29.24 ms, found 1 plugins.
Preloading 0 native plugins for Editor in 0.00 ms.
Invoked RoslynAnalysisRunner static constructor.
RoslynAnalysisRunner will not be running.
RoslynAnalysisRunner has terminated.
Mono: successfully reloaded assembly
- Completed reload, in  3.309 seconds
Platform modules already initialized, skipping
Registering precompiled user dll's ...
Registered in 0.002140 seconds.
Begin MonoManager ReloadAssembly
Native extension for LinuxStandalone target not found
Native extension for WindowsStandalone target not found
Native extension for WebGL target not found
Refreshing native plugins compatible for Editor in 0.45 ms, found 1 plugins.
Preloading 0 native plugins for Editor in 0.00 ms.
Invoked RoslynAnalysisRunner static constructor.
RoslynAnalysisRunner will not be running.
RoslynAnalysisRunner has terminated.
Mono: successfully reloaded assembly
- Completed reload, in  1.146 seconds
Platform modules already initialized, skipping
========================================================================
Worker process is ready to serve import requests
Launched and connected shader compiler UnityShaderCompiler.exe after 0.10 seconds
Refreshing native plugins compatible for Editor in 0.34 ms, found 1 plugins.
Preloading 0 native plugins for Editor in 0.00 ms.
Unloading 1227 Unused Serialized files (Serialized files now loaded: 0)
System memory in use before: 77.6 MB.
System memory in use after: 77.7 MB.

Unloading 12 unused Assets to reduce memory usage. Loaded Objects now: 1688.
Total: 2.606900 ms (FindLiveObjects: 0.309400 ms CreateObjectMapping: 0.208200 ms MarkObjects: 2.003200 ms  DeleteObjects: 0.084000 ms)

========================================================================
Received Import Request.
  path: Assets/Scripts/BodySourceView.cs
  artifactKey: Guid(8821130411451d343a1488e2a9db134e) Importer(815301076,1909f56bfc062723c751e8b465ee728b)
Start importing Assets/Scripts/BodySourceView.cs using Guid(8821130411451d343a1488e2a9db134e) Importer(815301076,1909f56bfc062723c751e8b465ee728b)  -> (artifact id: '6138982afa19ed4be6a7a20e5ed2561c') in 0.080353 seconds
  Import took 0.086111 seconds .

========================================================================
Received Import Request.
  Time since last request: 1643.410996 seconds.
  path: Assets/Scripts/BodySourceView.cs
  artifactKey: Guid(8821130411451d343a1488e2a9db134e) Importer(815301076,1909f56bfc062723c751e8b465ee728b)
Start importing Assets/Scripts/BodySourceView.cs using Guid(8821130411451d343a1488e2a9db134e) Importer(815301076,1909f56bfc062723c751e8b465ee728b)  -> (artifact id: 'a6a9106f823839de0d6ebc6d70ac69b5') in 0.009009 seconds
  Import took 0.013685 seconds .

========================================================================
Received Import Request.
  Time since last request: 0.037943 seconds.
  path: Assets/Scripts/BodySourceView.cs
  artifactKey: Guid(8821130411451d343a1488e2a9db134e) Importer(815301076,1909f56bfc062723c751e8b465ee728b)
Start importing Assets/Scripts/BodySourceView.cs using Guid(8821130411451d343a1488e2a9db134e) Importer(815301076,1909f56bfc062723c751e8b465ee728b)  -> (artifact id: 'a6a9106f823839de0d6ebc6d70ac69b5') in 0.010923 seconds
  Import took 0.014980 seconds .

========================================================================
Received Import Request.
  Time since last request: 79.188800 seconds.
  path: Assets/Scripts/BodySourceView.cs
  artifactKey: Guid(8821130411451d343a1488e2a9db134e) Importer(815301076,1909f56bfc062723c751e8b465ee728b)
Start importing Assets/Scripts/BodySourceView.cs using Guid(8821130411451d343a1488e2a9db134e) Importer(815301076,1909f56bfc062723c751e8b465ee728b)  -> (artifact id: '25c8513878d6ec8f770362da185978cc') in 0.009857 seconds
  Import took 0.019037 seconds .

========================================================================
Received Import Request.
  Time since last request: 0.045517 seconds.
  path: Assets/Scripts/BodySourceView.cs
  artifactKey: Guid(8821130411451d343a1488e2a9db134e) Importer(815301076,1909f56bfc062723c751e8b465ee728b)
Start importing Assets/Scripts/BodySourceView.cs using Guid(8821130411451d343a1488e2a9db134e) Importer(815301076,1909f56bfc062723c751e8b465ee728b)  -> (artifact id: '25c8513878d6ec8f770362da185978cc') in 0.010907 seconds
  Import took 0.013556 seconds .

========================================================================
Received Import Request.
  Time since last request: 157.078695 seconds.
  path: Assets/Scripts/BodySourceView.cs
  artifactKey: Guid(8821130411451d343a1488e2a9db134e) Importer(815301076,1909f56bfc062723c751e8b465ee728b)
Start importing Assets/Scripts/BodySourceView.cs using Guid(8821130411451d343a1488e2a9db134e) Importer(815301076,1909f56bfc062723c751e8b465ee728b)  -> (artifact id: '52c6a22d4825eb4e2914fbaee931e5e7') in 0.008610 seconds
  Import took 0.017868 seconds .

========================================================================
Received Import Request.
  Time since last request: 0.038953 seconds.
  path: Assets/Scripts/BodySourceView.cs
  artifactKey: Guid(8821130411451d343a1488e2a9db134e) Importer(815301076,1909f56bfc062723c751e8b465ee728b)
Start importing Assets/Scripts/BodySourceView.cs using Guid(8821130411451d343a1488e2a9db134e) Importer(815301076,1909f56bfc062723c751e8b465ee728b)  -> (artifact id: '52c6a22d4825eb4e2914fbaee931e5e7') in 0.009800 seconds
  Import took 0.014314 seconds .

========================================================================
Received Prepare
Registering precompiled user dll's ...
Registered in 0.004426 seconds.
Begin MonoManager ReloadAssembly
Native extension for LinuxStandalone target not found
Native extension for WindowsStandalone target not found
Native extension for WebGL target not found
Refreshing native plugins compatible for Editor in 0.43 ms, found 1 plugins.
Preloading 0 native plugins for Editor in 0.00 ms.
Invoked RoslynAnalysisRunner static constructor.
RoslynAnalysisRunner will not be running.
RoslynAnalysisRunner has terminated.
Mono: successfully reloaded assembly
- Completed reload, in  2.127 seconds
Platform modules already initialized, skipping
Refreshing native plugins compatible for Editor in 0.42 ms, found 1 plugins.
Preloading 0 native plugins for Editor in 0.00 ms.
Unloading 1222 Unused Serialized files (Serialized files now loaded: 0)
System memory in use before: 77.6 MB.
System memory in use after: 77.7 MB.

Unloading 8 unused Assets to reduce memory usage. Loaded Objects now: 1691.
Total: 3.350000 ms (FindLiveObjects: 0.272400 ms CreateObjectMapping: 0.107000 ms MarkObjects: 2.878800 ms  DeleteObjects: 0.089800 ms)

========================================================================
Received Prepare
Registering precompiled user dll's ...
Registered in 0.002198 seconds.
Begin MonoManager ReloadAssembly
Native extension for LinuxStandalone target not found
Native extension for WindowsStandalone target not found
Native extension for WebGL target not found
Refreshing native plugins compatible for Editor in 0.36 ms, found 1 plugins.
Preloading 0 native plugins for Editor in 0.00 ms.
Invoked RoslynAnalysisRunner static constructor.
RoslynAnalysisRunner will not be running.
RoslynAnalysisRunner has terminated.
Mono: successfully reloaded assembly
- Completed reload, in  1.417 seconds
Platform modules already initialized, skipping
Refreshing native plugins compatible for Editor in 0.67 ms, found 1 plugins.
Preloading 0 native plugins for Editor in 0.00 ms.
Unloading 1222 Unused Serialized files (Serialized files now loaded: 0)
System memory in use before: 77.6 MB.
System memory in use after: 77.7 MB.

Unloading 8 unused Assets to reduce memory usage. Loaded Objects now: 1694.
Total: 4.525200 ms (FindLiveObjects: 0.504900 ms CreateObjectMapping: 0.145700 ms MarkObjects: 3.754300 ms  DeleteObjects: 0.117400 ms)

========================================================================
Received Prepare
Registering precompiled user dll's ...
Registered in 0.005458 seconds.
Begin MonoManager ReloadAssembly
Native extension for LinuxStandalone target not found
Native extension for WindowsStandalone target not found
Native extension for WebGL target not found
Refreshing native plugins compatible for Editor in 0.42 ms, found 1 plugins.
Preloading 0 native plugins for Editor in 0.00 ms.
Invoked RoslynAnalysisRunner static constructor.
RoslynAnalysisRunner will not be running.
RoslynAnalysisRunner has terminated.
Mono: successfully reloaded assembly
- Completed reload, in  1.856 seconds
Platform modules already initialized, skipping
Refreshing native plugins compatible for Editor in 0.44 ms, found 1 plugins.
Preloading 0 native plugins for Editor in 0.00 ms.
Unloading 1222 Unused Serialized files (Serialized files now loaded: 0)
System memory in use before: 77.6 MB.
System memory in use after: 77.7 MB.

Unloading 8 unused Assets to reduce memory usage. Loaded Objects now: 1697.
Total: 3.648700 ms (FindLiveObjects: 0.357400 ms CreateObjectMapping: 0.142300 ms MarkObjects: 3.057600 ms  DeleteObjects: 0.088400 ms)

========================================================================
Received Prepare
Registering precompiled user dll's ...
Registered in 0.003499 seconds.
Begin MonoManager ReloadAssembly
Native extension for LinuxStandalone target not found
Native extension for WindowsStandalone target not found
Native extension for WebGL target not found
Refreshing native plugins compatible for Editor in 0.35 ms, found 1 plugins.
Preloading 0 native plugins for Editor in 0.00 ms.
Invoked RoslynAnalysisRunner static constructor.
RoslynAnalysisRunner will not be running.
RoslynAnalysisRunner has terminated.
Mono: successfully reloaded assembly
- Completed reload, in  1.002 seconds
Platform modules already initialized, skipping
Refreshing native plugins compatible for Editor in 0.44 ms, found 1 plugins.
Preloading 0 native plugins for Editor in 0.00 ms.
Unloading 1222 Unused Serialized files (Serialized files now loaded: 0)
System memory in use before: 77.7 MB.
System memory in use after: 77.8 MB.

Unloading 8 unused Assets to reduce memory usage. Loaded Objects now: 1700.
Total: 2.071400 ms (FindLiveObjects: 0.231100 ms CreateObjectMapping: 0.043600 ms MarkObjects: 1.743000 ms  DeleteObjects: 0.051200 ms)

========================================================================
Received Prepare
Registering precompiled user dll's ...
Registered in 0.002094 seconds.
Begin MonoManager ReloadAssembly
Native extension for LinuxStandalone target not found
Native extension for WindowsStandalone target not found
Native extension for WebGL target not found
Refreshing native plugins compatible for Editor in 0.32 ms, found 1 plugins.
Preloading 0 native plugins for Editor in 0.00 ms.
Invoked RoslynAnalysisRunner static constructor.
RoslynAnalysisRunner will not be running.
RoslynAnalysisRunner has terminated.
Mono: successfully reloaded assembly
- Completed reload, in  1.019 seconds
Platform modules already initialized, skipping
Refreshing native plugins compatible for Editor in 0.29 ms, found 1 plugins.
Preloading 0 native plugins for Editor in 0.00 ms.
Unloading 1222 Unused Serialized files (Serialized files now loaded: 0)
System memory in use before: 77.8 MB.
System memory in use after: 77.8 MB.

Unloading 8 unused Assets to reduce memory usage. Loaded Objects now: 1703.
Total: 2.224000 ms (FindLiveObjects: 0.281900 ms CreateObjectMapping: 0.093400 ms MarkObjects: 1.793200 ms  DeleteObjects: 0.054200 ms)

========================================================================
Received Import Request.
  Time since last request: 701.213580 seconds.
  path: Assets/Prefabs/PR_Target_LH.prefab
  artifactKey: Guid(a8bc1a8abf039e84fa7bfe03e81bb1cf) Importer(815301076,1909f56bfc062723c751e8b465ee728b)
Start importing Assets/Prefabs/PR_Target_LH.prefab using Guid(a8bc1a8abf039e84fa7bfe03e81bb1cf) Importer(815301076,1909f56bfc062723c751e8b465ee728b)  -> (artifact id: 'dc1d1cf67d564fa7f113f6213112f044') in 0.123344 seconds
  Import took 0.127251 seconds .

========================================================================
Received Import Request.
  Time since last request: 0.000540 seconds.
  path: Assets/Prefabs/PR_Target_XT.prefab
  artifactKey: Guid(a7c3f1c82808ef54abf9ebbcec12379c) Importer(815301076,1909f56bfc062723c751e8b465ee728b)
Start importing Assets/Prefabs/PR_Target_XT.prefab using Guid(a7c3f1c82808ef54abf9ebbcec12379c) Importer(815301076,1909f56bfc062723c751e8b465ee728b)  -> (artifact id: '47bdb645f9f420880455b804681ccde1') in 0.022211 seconds
  Import took 0.027472 seconds .

========================================================================
Received Prepare
Registering precompiled user dll's ...
Registered in 0.002897 seconds.
Begin MonoManager ReloadAssembly
Native extension for LinuxStandalone target not found
Native extension for WindowsStandalone target not found
Native extension for WebGL target not found
Refreshing native plugins compatible for Editor in 0.29 ms, found 1 plugins.
Preloading 0 native plugins for Editor in 0.00 ms.
Invoked RoslynAnalysisRunner static constructor.
RoslynAnalysisRunner will not be running.
RoslynAnalysisRunner has terminated.
Mono: successfully reloaded assembly
- Completed reload, in  1.015 seconds
Platform modules already initialized, skipping
Refreshing native plugins compatible for Editor in 0.48 ms, found 1 plugins.
Preloading 0 native plugins for Editor in 0.00 ms.
Unloading 1222 Unused Serialized files (Serialized files now loaded: 0)
System memory in use before: 80.9 MB.
System memory in use after: 81.0 MB.

Unloading 8 unused Assets to reduce memory usage. Loaded Objects now: 1714.
Total: 2.078600 ms (FindLiveObjects: 0.194400 ms CreateObjectMapping: 0.057000 ms MarkObjects: 1.768000 ms  DeleteObjects: 0.058000 ms)

========================================================================
Received Prepare
Registering precompiled user dll's ...
Registered in 0.002331 seconds.
Begin MonoManager ReloadAssembly
Native extension for LinuxStandalone target not found
Native extension for WindowsStandalone target not found
Native extension for WebGL target not found
Refreshing native plugins compatible for Editor in 0.34 ms, found 1 plugins.
Preloading 0 native plugins for Editor in 0.00 ms.
Invoked RoslynAnalysisRunner static constructor.
RoslynAnalysisRunner will not be running.
RoslynAnalysisRunner has terminated.
Mono: successfully reloaded assembly
- Completed reload, in  1.153 seconds
Platform modules already initialized, skipping
Refreshing native plugins compatible for Editor in 0.41 ms, found 1 plugins.
Preloading 0 native plugins for Editor in 0.00 ms.
Unloading 1222 Unused Serialized files (Serialized files now loaded: 0)
System memory in use before: 80.9 MB.
System memory in use after: 81.0 MB.

Unloading 8 unused Assets to reduce memory usage. Loaded Objects now: 1717.
Total: 2.528700 ms (FindLiveObjects: 0.249100 ms CreateObjectMapping: 0.063800 ms MarkObjects: 2.145300 ms  DeleteObjects: 0.068200 ms)

========================================================================
Received Prepare
Registering precompiled user dll's ...
Registered in 0.003880 seconds.
Begin MonoManager ReloadAssembly
Native extension for LinuxStandalone target not found
Native extension for WindowsStandalone target not found
Native extension for WebGL target not found
Refreshing native plugins compatible for Editor in 0.37 ms, found 1 plugins.
Preloading 0 native plugins for Editor in 0.00 ms.
Invoked RoslynAnalysisRunner static constructor.
RoslynAnalysisRunner will not be running.
RoslynAnalysisRunner has terminated.
Mono: successfully reloaded assembly
- Completed reload, in  1.838 seconds
Platform modules already initialized, skipping
Refreshing native plugins compatible for Editor in 0.38 ms, found 1 plugins.
Preloading 0 native plugins for Editor in 0.00 ms.
Unloading 1222 Unused Serialized files (Serialized files now loaded: 0)
System memory in use before: 80.9 MB.
System memory in use after: 81.0 MB.

Unloading 8 unused Assets to reduce memory usage. Loaded Objects now: 1720.
Total: 3.409800 ms (FindLiveObjects: 0.803900 ms CreateObjectMapping: 0.264400 ms MarkObjects: 2.269900 ms  DeleteObjects: 0.069100 ms)

========================================================================
Received Prepare
Registering precompiled user dll's ...
Registered in 0.002553 seconds.
Begin MonoManager ReloadAssembly
Native extension for LinuxStandalone target not found
Native extension for WindowsStandalone target not found
Native extension for WebGL target not found
Refreshing native plugins compatible for Editor in 0.29 ms, found 1 plugins.
Preloading 0 native plugins for Editor in 0.00 ms.
Invoked RoslynAnalysisRunner static constructor.
RoslynAnalysisRunner will not be running.
RoslynAnalysisRunner has terminated.
Mono: successfully reloaded assembly
- Completed reload, in  1.002 seconds
Platform modules already initialized, skipping
Refreshing native plugins compatible for Editor in 0.25 ms, found 1 plugins.
Preloading 0 native plugins for Editor in 0.00 ms.
Unloading 1222 Unused Serialized files (Serialized files now loaded: 0)
System memory in use before: 80.9 MB.
System memory in use after: 81.0 MB.

Unloading 8 unused Assets to reduce memory usage. Loaded Objects now: 1723.
Total: 1.794300 ms (FindLiveObjects: 0.144600 ms CreateObjectMapping: 0.039800 ms MarkObjects: 1.550900 ms  DeleteObjects: 0.057900 ms)

========================================================================
Received Prepare
Registering precompiled user dll's ...
Registered in 0.002710 seconds.
Begin MonoManager ReloadAssembly
Native extension for LinuxStandalone target not found
Native extension for WindowsStandalone target not found
Native extension for WebGL target not found
Refreshing native plugins compatible for Editor in 0.37 ms, found 1 plugins.
Preloading 0 native plugins for Editor in 0.00 ms.
Invoked RoslynAnalysisRunner static constructor.
RoslynAnalysisRunner will not be running.
RoslynAnalysisRunner has terminated.
Mono: successfully reloaded assembly
- Completed reload, in  1.381 seconds
Platform modules already initialized, skipping
Refreshing native plugins compatible for Editor in 0.34 ms, found 1 plugins.
Preloading 0 native plugins for Editor in 0.00 ms.
Unloading 1222 Unused Serialized files (Serialized files now loaded: 0)
System memory in use before: 80.9 MB.
System memory in use after: 81.0 MB.

Unloading 8 unused Assets to reduce memory usage. Loaded Objects now: 1726.
Total: 2.488600 ms (FindLiveObjects: 0.292100 ms CreateObjectMapping: 0.094500 ms MarkObjects: 2.030500 ms  DeleteObjects: 0.068600 ms)

========================================================================
Received Prepare
Registering precompiled user dll's ...
Registered in 0.008408 seconds.
Begin MonoManager ReloadAssembly
Native extension for LinuxStandalone target not found
Native extension for WindowsStandalone target not found
Native extension for WebGL target not found
Refreshing native plugins compatible for Editor in 0.81 ms, found 1 plugins.
Preloading 0 native plugins for Editor in 0.00 ms.
Invoked RoslynAnalysisRunner static constructor.
RoslynAnalysisRunner will not be running.
RoslynAnalysisRunner has terminated.
Mono: successfully reloaded assembly
- Completed reload, in  2.985 seconds
Platform modules already initialized, skipping
Refreshing native plugins compatible for Editor in 0.73 ms, found 1 plugins.
Preloading 0 native plugins for Editor in 0.00 ms.
Unloading 1222 Unused Serialized files (Serialized files now loaded: 0)
System memory in use before: 80.9 MB.
System memory in use after: 81.0 MB.

Unloading 8 unused Assets to reduce memory usage. Loaded Objects now: 1729.
Total: 3.366100 ms (FindLiveObjects: 0.338200 ms CreateObjectMapping: 0.099200 ms MarkObjects: 2.843400 ms  DeleteObjects: 0.082700 ms)

========================================================================
Received Prepare
Registering precompiled user dll's ...
Registered in 0.003403 seconds.
Begin MonoManager ReloadAssembly
Native extension for LinuxStandalone target not found
Native extension for WindowsStandalone target not found
Native extension for WebGL target not found
Refreshing native plugins compatible for Editor in 0.39 ms, found 1 plugins.
Preloading 0 native plugins for Editor in 0.00 ms.
Invoked RoslynAnalysisRunner static constructor.
RoslynAnalysisRunner will not be running.
RoslynAnalysisRunner has terminated.
Mono: successfully reloaded assembly
- Completed reload, in  1.856 seconds
Platform modules already initialized, skipping
Refreshing native plugins compatible for Editor in 0.48 ms, found 1 plugins.
Preloading 0 native plugins for Editor in 0.00 ms.
Unloading 1222 Unused Serialized files (Serialized files now loaded: 0)
System memory in use before: 80.9 MB.
System memory in use after: 81.0 MB.

Unloading 8 unused Assets to reduce memory usage. Loaded Objects now: 1732.
Total: 3.941300 ms (FindLiveObjects: 0.251700 ms CreateObjectMapping: 0.084200 ms MarkObjects: 3.493100 ms  DeleteObjects: 0.109600 ms)

AssetImportWorkerClient::OnTransportError - code=2 error=End of file
